Determining if the pthread_create exist failed with the following output:
Change Dir: /home/andrew/Documents/EECE-5698/assignment2/catkin_ws/build/CMakeFiles/CMakeTmp

Run Build Command:"/usr/bin/make" "cmTC_2ed0d/fast"
/usr/bin/make -f CMakeFiles/cmTC_2ed0d.dir/build.make CMakeFiles/cmTC_2ed0d.dir/build
make[1]: Entering directory '/home/andrew/Documents/EECE-5698/assignment2/catkin_ws/build/CMakeFiles/CMakeTmp'
Building C object CMakeFiles/cmTC_2ed0d.dir/CheckSymbolExists.c.o
/usr/bin/cc     -o CMakeFiles/cmTC_2ed0d.dir/CheckSymbolExists.c.o   -c /home/andrew/Documents/EECE-5698/assignment2/catkin_ws/build/CMakeFiles/CMakeTmp/CheckSymbolExists.c
Linking C executable cmTC_2ed0d
/usr/bin/cmake -E cmake_link_script CMakeFiles/cmTC_2ed0d.dir/link.txt --verbose=1
/usr/bin/cc       CMakeFiles/cmTC_2ed0d.dir/CheckSymbolExists.c.o  -o cmTC_2ed0d -rdynamic 
CMakeFiles/cmTC_2ed0d.dir/CheckSymbolExists.c.o: In function `main':
CheckSymbolExists.c:(.text+0x16): undefined reference to `pthread_create'
collect2: error: ld returned 1 exit status
CMakeFiles/cmTC_2ed0d.dir/build.make:97: recipe for target 'cmTC_2ed0d' failed
make[1]: *** [cmTC_2ed0d] Error 1
make[1]: Leaving directory '/home/andrew/Documents/EECE-5698/assignment2/catkin_ws/build/CMakeFiles/CMakeTmp'
Makefile:126: recipe for target 'cmTC_2ed0d/fast' failed
make: *** [cmTC_2ed0d/fast] Error 2

File /home/andrew/Documents/EECE-5698/assignment2/catkin_ws/build/CMakeFiles/CMakeTmp/CheckSymbolExists.c:
/* */
#include <pthread.h>

int main(int argc, char** argv)
{
  (void)argv;
#ifndef pthread_create
  return ((int*)(&pthread_create))[argc];
#else
  (void)argc;
  return 0;
#endif
}

Determining if the function pthread_create exists in the pthreads failed with the following output:
Change Dir: /home/andrew/Documents/EECE-5698/assignment2/catkin_ws/build/CMakeFiles/CMakeTmp

Run Build Command:"/usr/bin/make" "cmTC_f9dda/fast"
/usr/bin/make -f CMakeFiles/cmTC_f9dda.dir/build.make CMakeFiles/cmTC_f9dda.dir/build
make[1]: Entering directory '/home/andrew/Documents/EECE-5698/assignment2/catkin_ws/build/CMakeFiles/CMakeTmp'
Building C object CMakeFiles/cmTC_f9dda.dir/CheckFunctionExists.c.o
/usr/bin/cc    -DCHECK_FUNCTION_EXISTS=pthread_create   -o CMakeFiles/cmTC_f9dda.dir/CheckFunctionExists.c.o   -c /usr/share/cmake-3.5/Modules/CheckFunctionExists.c
Linking C executable cmTC_f9dda
/usr/bin/cmake -E cmake_link_script CMakeFiles/cmTC_f9dda.dir/link.txt --verbose=1
/usr/bin/cc   -DCHECK_FUNCTION_EXISTS=pthread_create    CMakeFiles/cmTC_f9dda.dir/CheckFunctionExists.c.o  -o cmTC_f9dda -rdynamic -lpthreads 
/usr/bin/ld: cannot find -lpthreads
collect2: error: ld returned 1 exit status
CMakeFiles/cmTC_f9dda.dir/build.make:97: recipe for target 'cmTC_f9dda' failed
make[1]: *** [cmTC_f9dda] Error 1
make[1]: Leaving directory '/home/andrew/Documents/EECE-5698/assignment2/catkin_ws/build/CMakeFiles/CMakeTmp'
Makefile:126: recipe for target 'cmTC_f9dda/fast' failed
make: *** [cmTC_f9dda/fast] Error 2


